"D:\CLion 2020.3\bin\cmake\win\bin\cmake.exe" -DCMAKE_BUILD_TYPE=Debug -G "CodeBlocks - MinGW Makefiles" "D:\sophomore_year\Data structure CC++\04-树6 Complete Binary Search Tree"
-- The C compiler identification is GNU 6.3.0
-- Check for working C compiler: C:/MinGW/bin/gcc.exe
-- Check for working C compiler: C:/MinGW/bin/gcc.exe - broken
CMake Error at D:/CLion 2020.3/bin/cmake/win/share/cmake-3.17/Modules/CMakeTestCCompiler.cmake:60 (message):
  The C compiler

    "C:/MinGW/bin/gcc.exe"

  is not able to compile a simple test program.

  It fails with the following output:

    Change Dir: D:/sophomore_year/Data structure CC++/04-鏍�6 Complete Binary Search Tree/cmake-build-debug/CMakeFiles/CMakeTmp
    
    Run Build Command(s):C:/PROGRA~2/CODEBL~1/MinGW/bin/mingw32-make.exe cmTC_9b7a1/fast && C:/PROGRA~2/CODEBL~1/MinGW/bin/mingw32-make.exe  -f CMakeFiles\cmTC_9b7a1.dir\build.make CMakeFiles/cmTC_9b7a1.dir/build
    mingw32-make.exe[1]: Entering directory 'D:/sophomore_year/Data structure CC++/04-鏍�6 Complete Binary Search Tree/cmake-build-debug/CMakeFiles/CMakeTmp'
    Building C object CMakeFiles/cmTC_9b7a1.dir/testCCompiler.c.obj
    C:\MinGW\bin\gcc.exe    -o CMakeFiles\cmTC_9b7a1.dir\testCCompiler.c.obj   -c "D:\sophomore_year\Data structure CC++\04-閺�? Complete Binary Search Tree\cmake-build-debug\CMakeFiles\CMakeTmp\testCCompiler.c"
    gcc.exe: error: D:\sophomore_year\Data structure CC++\04-閺�? Complete Binary Search Tree\cmake-build-debug\CMakeFiles\CMakeTmp\testCCompiler.c: Invalid argument
    gcc.exe: fatal error: no input files
    compilation terminated.
    CMakeFiles\cmTC_9b7a1.dir\build.make:84: recipe for target 'CMakeFiles/cmTC_9b7a1.dir/testCCompiler.c.obj' failed
    mingw32-make.exe[1]: *** [CMakeFiles/cmTC_9b7a1.dir/testCCompiler.c.obj] Error 1
    mingw32-make.exe[1]: Leaving directory 'D:/sophomore_year/Data structure CC++/04-鏍�6 Complete Binary Search Tree/cmake-build-debug/CMakeFiles/CMakeTmp'
    Makefile:140: recipe for target 'cmTC_9b7a1/fast' failed
    mingw32-make.exe: *** [cmTC_9b7a1/fast] Error 2
    
    

  

  CMake will not be able to correctly generate this project.
Call Stack (most recent call first):
  CMakeLists.txt:2 (project)


-- Configuring incomplete, errors occurred!
See also "D:/sophomore_year/Data structure CC++/04-鏍�6 Complete Binary Search Tree/cmake-build-debug/CMakeFiles/CMakeOutput.log".
See also "D:/sophomore_year/Data structure CC++/04-鏍�6 Complete Binary Search Tree/cmake-build-debug/CMakeFiles/CMakeError.log".
